This file contains any messages produced by compilers while
running configure, to aid debugging if configure makes a mistake.

configure:548: checking host system type
configure:585: checking for gcc
configure:614: checking for cc
configure:662: checking whether the C compiler (cc  ) works
configure:676: cc -o conftest    conftest.c  1>&5
configure:673:1: warning: type specifier missing, defaults to 'int' [-Wimplicit-int]
main(){return(0);}
^
1 warning generated.
configure:696: checking whether the C compiler (cc  ) is a cross-compiler
configure:701: checking whether we are using GNU C
configure:710: cc -E conftest.c
configure:725: checking whether cc accepts -g
configure:755: checking for ranlib
configure:783: checking for pthread_create in -lpthread
configure:802: cc -o conftest -g -O2   conftest.c -lpthread   1>&5
configure:885: checking for t_open in -lnsl
configure:904: cc -o conftest -g -O2 -D_REENTRANT   conftest.c -lnsl  -lpthread  1>&5
ld: error: unable to find library -lnsl
cc: error: linker command failed with exit code 1 (use -v to see invocation)
configure: failed program was:
#line 893 "configure"
#include "confdefs.h"
/* Override any gcc2 internal prototype to avoid an error.  */
/* We use char because int might match the return type of a gcc2
    builtin and then its argument prototype would still apply.  */
char t_open();

int main() {
t_open()
; return 0; }
configure:932: checking for socket in -lsocket
configure:951: cc -o conftest -g -O2 -D_REENTRANT   conftest.c -lsocket  -lpthread  1>&5
ld: error: unable to find library -lsocket
cc: error: linker command failed with exit code 1 (use -v to see invocation)
configure: failed program was:
#line 940 "configure"
#include "confdefs.h"
/* Override any gcc2 internal prototype to avoid an error.  */
/* We use char because int might match the return type of a gcc2
    builtin and then its argument prototype would still apply.  */
char socket();

int main() {
socket()
; return 0; }
configure:980: checking for /usr/local/bind/lib/libbind.a
configure:987: checking for /root/libbind.a
configure:994: checking for /root/libresolv.a
configure:1001: checking for res_init in -lresolv
configure:1020: cc -o conftest -g -O2 -D_REENTRANT   conftest.c -lresolv  -lpthread  1>&5
ld: error: unable to find library -lresolv
cc: error: linker command failed with exit code 1 (use -v to see invocation)
configure: failed program was:
#line 1009 "configure"
#include "confdefs.h"
/* Override any gcc2 internal prototype to avoid an error.  */
/* We use char because int might match the return type of a gcc2
    builtin and then its argument prototype would still apply.  */
char res_init();

int main() {
res_init()
; return 0; }
configure:1052: checking for t_open in -lxti
configure:1071: cc -o conftest -g -O2 -D_REENTRANT   conftest.c -lxti  -lpthread  1>&5
ld: error: unable to find library -lxti
cc: error: linker command failed with exit code 1 (use -v to see invocation)
configure: failed program was:
#line 1060 "configure"
#include "confdefs.h"
/* Override any gcc2 internal prototype to avoid an error.  */
/* We use char because int might match the return type of a gcc2
    builtin and then its argument prototype would still apply.  */
char t_open();

int main() {
t_open()
; return 0; }
configure:1100: checking for /root/libunp.a
configure:1112: checking for /root/libunpxti.a
configure:1124: checking how to run the C preprocessor
configure:1145: cc -E  conftest.c >/dev/null 2>conftest.out
configure:1185: checking for ANSI C header files
configure:1198: cc -E  conftest.c >/dev/null 2>conftest.out
configure:1265: cc -o conftest -g -O2 -D_REENTRANT   conftest.c -lpthread  1>&5
configure:1260:67: warning: implicitly declaring library function 'exit' with type 'void (int) __attribute__((noreturn))' [-Wimplicit-function-declaration]
if (XOR (islower (i), ISLOWER (i)) || toupper (i) != TOUPPER (i)) exit(2);
                                                                  ^
configure:1260:67: note: include the header <stdlib.h> or explicitly provide a declaration for 'exit'
1 warning generated.
configure:1292: checking for sys/types.h
configure:1302: cc -E  conftest.c >/dev/null 2>conftest.out
configure:1292: checking for sys/socket.h
configure:1302: cc -E  conftest.c >/dev/null 2>conftest.out
configure:1292: checking for sys/time.h
configure:1302: cc -E  conftest.c >/dev/null 2>conftest.out
configure:1292: checking for time.h
configure:1302: cc -E  conftest.c >/dev/null 2>conftest.out
configure:1292: checking for netinet/in.h
configure:1302: cc -E  conftest.c >/dev/null 2>conftest.out
configure:1292: checking for arpa/inet.h
configure:1302: cc -E  conftest.c >/dev/null 2>conftest.out
configure:1292: checking for errno.h
configure:1302: cc -E  conftest.c >/dev/null 2>conftest.out
configure:1292: checking for fcntl.h
configure:1302: cc -E  conftest.c >/dev/null 2>conftest.out
configure:1292: checking for netdb.h
configure:1302: cc -E  conftest.c >/dev/null 2>conftest.out
configure:1292: checking for signal.h
configure:1302: cc -E  conftest.c >/dev/null 2>conftest.out
configure:1292: checking for stdio.h
configure:1302: cc -E  conftest.c >/dev/null 2>conftest.out
configure:1292: checking for stdlib.h
configure:1302: cc -E  conftest.c >/dev/null 2>conftest.out
configure:1292: checking for string.h
configure:1302: cc -E  conftest.c >/dev/null 2>conftest.out
configure:1292: checking for sys/stat.h
configure:1302: cc -E  conftest.c >/dev/null 2>conftest.out
configure:1292: checking for sys/uio.h
configure:1302: cc -E  conftest.c >/dev/null 2>conftest.out
configure:1292: checking for unistd.h
configure:1302: cc -E  conftest.c >/dev/null 2>conftest.out
configure:1292: checking for sys/wait.h
configure:1302: cc -E  conftest.c >/dev/null 2>conftest.out
configure:1292: checking for sys/un.h
configure:1302: cc -E  conftest.c >/dev/null 2>conftest.out
configure:1292: checking for sys/select.h
configure:1302: cc -E  conftest.c >/dev/null 2>conftest.out
configure:1292: checking for poll.h
configure:1302: cc -E  conftest.c >/dev/null 2>conftest.out
configure:1292: checking for strings.h
configure:1302: cc -E  conftest.c >/dev/null 2>conftest.out
configure:1292: checking for sys/ioctl.h
configure:1302: cc -E  conftest.c >/dev/null 2>conftest.out
configure:1292: checking for sys/filio.h
configure:1302: cc -E  conftest.c >/dev/null 2>conftest.out
configure:1292: checking for sys/sockio.h
configure:1302: cc -E  conftest.c >/dev/null 2>conftest.out
configure:1292: checking for pthread.h
configure:1302: cc -E  conftest.c >/dev/null 2>conftest.out
configure:1292: checking for sys/sysctl.h
configure:1302: cc -E  conftest.c >/dev/null 2>conftest.out
configure:1292: checking for poll.h
configure:1292: checking for xti.h
configure:1302: cc -E  conftest.c >/dev/null 2>conftest.out
configure:1298:10: fatal error: 'xti.h' file not found
#include <xti.h>
         ^~~~~~~
1 error generated.
configure: failed program was:
#line 1297 "configure"
#include "confdefs.h"
#include <xti.h>
configure:1292: checking for xti_inet.h
configure:1302: cc -E  conftest.c >/dev/null 2>conftest.out
configure:1298:10: fatal error: 'xti_inet.h' file not found
#include <xti_inet.h>
         ^~~~~~~~~~~~
1 error generated.
configure: failed program was:
#line 1297 "configure"
#include "confdefs.h"
#include <xti_inet.h>
configure:1292: checking for netconfig.h
configure:1302: cc -E  conftest.c >/dev/null 2>conftest.out
configure:1292: checking for netdir.h
configure:1302: cc -E  conftest.c >/dev/null 2>conftest.out
configure:1298:10: fatal error: 'netdir.h' file not found
#include <netdir.h>
         ^~~~~~~~~~
1 error generated.
configure: failed program was:
#line 1297 "configure"
#include "confdefs.h"
#include <netdir.h>
configure:1292: checking for stropts.h
configure:1302: cc -E  conftest.c >/dev/null 2>conftest.out
configure:1298:10: fatal error: 'stropts.h' file not found
#include <stropts.h>
         ^~~~~~~~~~~
1 error generated.
configure: failed program was:
#line 1297 "configure"
#include "confdefs.h"
#include <stropts.h>
configure:1330: checking whether time.h and sys/time.h may both be included
configure:1344: cc -c -g -O2 -D_REENTRANT  conftest.c 1>&5
configure:1365: checking if uint8_t defined
configure:1447: cc -c -g -O2 -D_REENTRANT  conftest.c 1>&5
configure:1468: checking if int16_t defined
configure:1550: cc -c -g -O2 -D_REENTRANT  conftest.c 1>&5
configure:1571: checking if uint16_t defined
configure:1653: cc -c -g -O2 -D_REENTRANT  conftest.c 1>&5
configure:1674: checking if int32_t defined
configure:1756: cc -c -g -O2 -D_REENTRANT  conftest.c 1>&5
configure:1777: checking if uint32_t defined
configure:1859: cc -c -g -O2 -D_REENTRANT  conftest.c 1>&5
configure:1880: checking if size_t defined
configure:1962: cc -c -g -O2 -D_REENTRANT  conftest.c 1>&5
configure:1983: checking if ssize_t defined
configure:2065: cc -c -g -O2 -D_REENTRANT  conftest.c 1>&5
configure:2086: checking if socklen_t defined
configure:2168: cc -c -g -O2 -D_REENTRANT  conftest.c 1>&5
configure:2189: checking if sa_family_t defined
configure:2271: cc -c -g -O2 -D_REENTRANT  conftest.c 1>&5
configure:2293: checking if t_scalar_t defined
configure:2390: cc -c -g -O2 -D_REENTRANT  conftest.c 1>&5
configure:2386:2: error: use of undeclared identifier 't_scalar_t'
 t_scalar_t foo 
 ^
1 error generated.
configure: failed program was:
#line 2298 "configure"
#include "confdefs.h"

#include	"confdefs.h"	/* the header built by configure so far */
#ifdef	HAVE_SYS_TYPES_H
#  include	<sys/types.h>
#endif
#ifdef	HAVE_SYS_SOCKET_H
#  include	<sys/socket.h>
#endif
#ifdef	HAVE_SYS_TIME_H
#  include    <sys/time.h>
#endif
#ifdef	HAVE_NETINET_IN_H
#  include    <netinet/in.h>
#endif
#ifdef	HAVE_ARPA_INET_H
#  include    <arpa/inet.h>
#endif
#ifdef	HAVE_ERRNO_H
#  include    <errno.h>
#endif
#ifdef	HAVE_FCNTL_H
#  include    <fcntl.h>
#endif
#ifdef	HAVE_NETDB_H
#  include	<netdb.h>
#endif
#ifdef	HAVE_SIGNAL_H
#  include	<signal.h>
#endif
#ifdef	HAVE_STDIO_H
#  include	<stdio.h>
#endif
#ifdef	HAVE_STDLIB_H
#  include	<stdlib.h>
#endif
#ifdef	HAVE_STRING_H
#  include	<string.h>
#endif
#ifdef	HAVE_SYS_STAT_H
#  include	<sys/stat.h>
#endif
#ifdef	HAVE_SYS_UIO_H
#  include	<sys/uio.h>
#endif
#ifdef	HAVE_UNISTD_H
#  include	<unistd.h>
#endif
#ifdef	HAVE_SYS_WAIT_H
#  include	<sys/wait.h>
#endif
#ifdef	HAVE_SYS_UN_H
#  include	<sys/un.h>
#endif
#ifdef	HAVE_SYS_SELECT_H
# include   <sys/select.h>
#endif
#ifdef	HAVE_STRINGS_H
# include   <strings.h>
#endif
#ifdef	HAVE_SYS_IOCTL_H
# include   <sys/ioctl.h>
#endif
#ifdef	HAVE_SYS_FILIO_H
# include   <sys/filio.h>
#endif
#ifdef	HAVE_SYS_SOCKIO_H
# include   <sys/sockio.h>
#endif
#ifdef	HAVE_PTHREAD_H
#  include	<pthread.h>
#endif
#ifdef	HAVE_POLL_H
#  include	<poll.h>
#endif
#ifdef	HAVE_XTI_H
#  include	<xti.h>
#endif
#ifdef	HAVE_NETCONFIG_H
#  include	<netconfig.h>
#endif
#ifdef	HAVE_NETDIR_H
#  include	<netdir.h>
#endif
#ifdef	HAVE_STROPTS_H
#  include	<stropts.h>
#endif
int main() {
 t_scalar_t foo 
; return 0; }
configure:2411: checking if t_uscalar_t defined
configure:2508: cc -c -g -O2 -D_REENTRANT  conftest.c 1>&5
configure:2504:2: error: use of undeclared identifier 't_uscalar_t'
 t_uscalar_t foo 
 ^
1 error generated.
configure: failed program was:
#line 2416 "configure"
#include "confdefs.h"

#include	"confdefs.h"	/* the header built by configure so far */
#ifdef	HAVE_SYS_TYPES_H
#  include	<sys/types.h>
#endif
#ifdef	HAVE_SYS_SOCKET_H
#  include	<sys/socket.h>
#endif
#ifdef	HAVE_SYS_TIME_H
#  include    <sys/time.h>
#endif
#ifdef	HAVE_NETINET_IN_H
#  include    <netinet/in.h>
#endif
#ifdef	HAVE_ARPA_INET_H
#  include    <arpa/inet.h>
#endif
#ifdef	HAVE_ERRNO_H
#  include    <errno.h>
#endif
#ifdef	HAVE_FCNTL_H
#  include    <fcntl.h>
#endif
#ifdef	HAVE_NETDB_H
#  include	<netdb.h>
#endif
#ifdef	HAVE_SIGNAL_H
#  include	<signal.h>
#endif
#ifdef	HAVE_STDIO_H
#  include	<stdio.h>
#endif
#ifdef	HAVE_STDLIB_H
#  include	<stdlib.h>
#endif
#ifdef	HAVE_STRING_H
#  include	<string.h>
#endif
#ifdef	HAVE_SYS_STAT_H
#  include	<sys/stat.h>
#endif
#ifdef	HAVE_SYS_UIO_H
#  include	<sys/uio.h>
#endif
#ifdef	HAVE_UNISTD_H
#  include	<unistd.h>
#endif
#ifdef	HAVE_SYS_WAIT_H
#  include	<sys/wait.h>
#endif
#ifdef	HAVE_SYS_UN_H
#  include	<sys/un.h>
#endif
#ifdef	HAVE_SYS_SELECT_H
# include   <sys/select.h>
#endif
#ifdef	HAVE_STRINGS_H
# include   <strings.h>
#endif
#ifdef	HAVE_SYS_IOCTL_H
# include   <sys/ioctl.h>
#endif
#ifdef	HAVE_SYS_FILIO_H
# include   <sys/filio.h>
#endif
#ifdef	HAVE_SYS_SOCKIO_H
# include   <sys/sockio.h>
#endif
#ifdef	HAVE_PTHREAD_H
#  include	<pthread.h>
#endif
#ifdef	HAVE_POLL_H
#  include	<poll.h>
#endif
#ifdef	HAVE_XTI_H
#  include	<xti.h>
#endif
#ifdef	HAVE_NETCONFIG_H
#  include	<netconfig.h>
#endif
#ifdef	HAVE_NETDIR_H
#  include	<netdir.h>
#endif
#ifdef	HAVE_STROPTS_H
#  include	<stropts.h>
#endif
int main() {
 t_uscalar_t foo 
; return 0; }
configure:2530: checking if sockaddr{} has sa_len member
configure:2544: cc -c -g -O2 -D_REENTRANT  conftest.c 1>&5
configure:2579: checking if msghdr{} has msg_control member
configure:2593: cc -c -g -O2 -D_REENTRANT  conftest.c 1>&5
configure:2614: checking for getaddrinfo function prototype in netdb.h
configure:2645: checking for getnameinfo function prototype in netdb.h
configure:2676: checking for gethostname function prototype in unistd.h
configure:2707: checking for getrusage function prototype in sys/resource.h
configure:2738: checking for hstrerror function prototype in netdb.h
configure:2769: checking for if_nametoindex function prototype in net/if.h
configure:2800: checking for inet_aton function prototype in arpa/inet.h
configure:2831: checking for inet_pton function prototype in arpa/inet.h
configure:2862: checking for isfdtype function prototype in sys/stat.h
configure:2893: checking for pselect function prototype in sys/select.h
configure:2924: checking for snprintf function prototype in stdio.h
configure:2955: checking for sockatmark function prototype in sys/socket.h
configure:2987: checking for addrinfo{}
configure:3017: checking for if_nameindex{}
configure:3047: checking for sockaddr_dl{}
configure:3077: checking for timespec{}
configure:3107: checking for /dev/tcp
configure:3118: checking for /dev/xti/tcp
configure:3129: checking for /dev/streams/xtiso/tcp
configure:3145: checking for bzero
configure:3173: cc -o conftest -g -O2 -D_REENTRANT   conftest.c -lpthread  1>&5
configure:3157:6: warning: incompatible redeclaration of library function 'bzero' [-Wincompatible-library-redeclaration]
char bzero();
     ^
configure:3157:6: note: 'bzero' is a builtin with type 'void (void *, unsigned long)'
1 warning generated.
configure:3200: checking for getaddrinfo
configure:3228: cc -o conftest -g -O2 -D_REENTRANT   conftest.c -lpthread  1>&5
configure:3255: checking for gethostname
configure:3283: cc -o conftest -g -O2 -D_REENTRANT   conftest.c -lpthread  1>&5
configure:3310: checking for gethostbyname2
configure:3338: cc -o conftest -g -O2 -D_REENTRANT   conftest.c -lpthread  1>&5
configure:3365: checking for gethostbyname_r
configure:3393: cc -o conftest -g -O2 -D_REENTRANT   conftest.c -lpthread  1>&5
configure:3420: checking for getnameinfo
configure:3448: cc -o conftest -g -O2 -D_REENTRANT   conftest.c -lpthread  1>&5
configure:3475: checking for hstrerror
configure:3503: cc -o conftest -g -O2 -D_REENTRANT   conftest.c -lpthread  1>&5
configure:3530: checking for if_nametoindex
configure:3558: cc -o conftest -g -O2 -D_REENTRANT   conftest.c -lpthread  1>&5
configure:3585: checking for inet_aton
configure:3613: cc -o conftest -g -O2 -D_REENTRANT   conftest.c -lpthread  1>&5
configure:3640: checking for inet_pton
configure:3668: cc -o conftest -g -O2 -D_REENTRANT   conftest.c -lpthread  1>&5
configure:3695: checking for isfdtype
configure:3723: cc -o conftest -g -O2 -D_REENTRANT   conftest.c -lpthread  1>&5
ld: error: undefined symbol: isfdtype
>>> referenced by configure:3717
>>>               /tmp/conftest-c2aef3.o:(main)
cc: error: linker command failed with exit code 1 (use -v to see invocation)
configure: failed program was:
#line 3700 "configure"
#include "confdefs.h"
/* System header to define __stub macros and hopefully few prototypes,
    which can conflict with char isfdtype(); below.  */
#include <assert.h>
/* Override any gcc2 internal prototype to avoid an error.  */
/* We use char because int might match the return type of a gcc2
    builtin and then its argument prototype would still apply.  */
char isfdtype();

int main() {

/* The GNU C library defines this for functions which it implements
    to always fail with ENOSYS.  Some functions are actually named
    something starting with __ and the normal name is an alias.  */
#if defined (__stub_isfdtype) || defined (__stub___isfdtype)
choke me
#else
isfdtype();
#endif

; return 0; }
configure:3750: checking for poll
configure:3778: cc -o conftest -g -O2 -D_REENTRANT   conftest.c -lpthread  1>&5
configure:3805: checking for pselect
configure:3833: cc -o conftest -g -O2 -D_REENTRANT   conftest.c -lpthread  1>&5
configure:3860: checking for snprintf
configure:3888: cc -o conftest -g -O2 -D_REENTRANT   conftest.c -lpthread  1>&5
configure:3872:6: warning: incompatible redeclaration of library function 'snprintf' [-Wincompatible-library-redeclaration]
char snprintf();
     ^
configure:3872:6: note: 'snprintf' is a builtin with type 'int (char *, unsigned long, const char *, ...)'
1 warning generated.
configure:3915: checking for sockatmark
configure:3943: cc -o conftest -g -O2 -D_REENTRANT   conftest.c -lpthread  1>&5
configure:3970: checking for vsnprintf
configure:3998: cc -o conftest -g -O2 -D_REENTRANT   conftest.c -lpthread  1>&5
configure:3982:6: warning: incompatible redeclaration of library function 'vsnprintf' [-Wincompatible-library-redeclaration]
char vsnprintf();
     ^
configure:3982:6: note: 'vsnprintf' is a builtin with type 'int (char *, unsigned long, const char *, struct __va_list_tag *)'
1 warning generated.
configure:4025: checking for IPv4 support
configure:4050: cc -o conftest -g -O2 -D_REENTRANT   conftest.c -lpthread  1>&5
configure:4041:2: warning: type specifier missing, defaults to 'int' [-Wimplicit-int]
        main()
        ^
configure:4046:3: warning: implicitly declaring library function 'exit' with type 'void (int) __attribute__((noreturn))' [-Wimplicit-function-declaration]
                exit(fd >= 0 ? 0 : 1);
                ^
configure:4046:3: note: include the header <stdlib.h> or explicitly provide a declaration for 'exit'
2 warnings generated.
configure:4077: checking for IPv6 support
configure:4102: cc -o conftest -g -O2 -D_REENTRANT   conftest.c -lpthread  1>&5
configure:4093:2: warning: type specifier missing, defaults to 'int' [-Wimplicit-int]
        main()
        ^
configure:4098:3: warning: implicitly declaring library function 'exit' with type 'void (int) __attribute__((noreturn))' [-Wimplicit-function-declaration]
                exit(fd >= 0 ? 0 : 1);
                ^
configure:4098:3: note: include the header <stdlib.h> or explicitly provide a declaration for 'exit'
2 warnings generated.
configure:4129: checking for Unix domain sockets
configure:4154: cc -o conftest -g -O2 -D_REENTRANT   conftest.c -lpthread  1>&5
configure:4145:2: warning: type specifier missing, defaults to 'int' [-Wimplicit-int]
        main()
        ^
configure:4150:3: warning: implicitly declaring library function 'exit' with type 'void (int) __attribute__((noreturn))' [-Wimplicit-function-declaration]
                exit(fd >= 0 ? 0 : 1);
                ^
configure:4150:3: note: include the header <stdlib.h> or explicitly provide a declaration for 'exit'
2 warnings generated.
configure:4181: checking for multicast support
configure:4209: cc -o conftest -g -O2 -D_REENTRANT   conftest.c -lpthread  1>&5
configure:4194:2: warning: type specifier missing, defaults to 'int' [-Wimplicit-int]
        main()
        ^
configure:4201:15: warning: implicitly declaring library function 'exit' with type 'void (int) __attribute__((noreturn))' [-Wimplicit-function-declaration]
                if (fd < 0) exit(1);
                            ^
configure:4201:15: note: include the header <stdlib.h> or explicitly provide a declaration for 'exit'
2 warnings generated.
configure:4356: checking for -I/root/doc/unp2ev1/src/include
